<?xml version="1.0" encoding="UTF-8"?>
<!-- Generated by org.testng.reporters.JUnitReportReporter -->
<testsuite skipped="0" hostname="Kanna" name="com.testing.Simple_Annotation" tests="5" failures="0" timestamp="2022-06-04T07:15:55 IST" time="0.046" errors="0">
  <testcase name="kids" time="0.031" classname="com.testing.Simple_Annotation"/>
  <system-out/>
  <testcase name="men" time="0.000" classname="com.testing.Simple_Annotation"/>
  <system-out/>
  <testcase name="men" time="0.000" classname="com.testing.Simple_Annotation"/>
  <system-out/>
  <testcase name="women" time="0.015" classname="com.testing.Simple_Annotation"/>
  <system-out/>
  <testcase name="men" time="0.000" classname="com.testing.Simple_Annotation"/>
  <system-out/>
</testsuite> <!-- com.testing.Simple_Annotation -->
