<?xml version="1.0" encoding="UTF-8"?>
<!-- Generated by org.testng.reporters.JUnitReportReporter -->
<testsuite skipped="0" hostname="Kanna" name="com.testing.Dependency_Task" tests="2" failures="0" timestamp="2022-06-04T07:12:48 IST" time="0.016" errors="0">
  <testcase name="vegetables" time="0.016" classname="com.testing.Dependency_Task"/>
  <system-out/>
  <testcase name="food" time="0.000" classname="com.testing.Dependency_Task"/>
  <system-out/>
</testsuite> <!-- com.testing.Dependency_Task -->
