<?xml version="1.0" encoding="UTF-8"?>
<!-- Generated by org.testng.reporters.JUnitReportReporter -->
<testsuite skipped="0" hostname="Kanna" name="com.testing.Group_Task" tests="2" failures="0" timestamp="2022-06-04T07:15:10 IST" time="0.016" errors="0">
  <testcase name="father" time="0.000" classname="com.testing.Group_Task"/>
  <system-out/>
  <testcase name="brother" time="0.016" classname="com.testing.Group_Task"/>
  <system-out/>
</testsuite> <!-- com.testing.Group_Task -->
