<?xml version="1.0" encoding="UTF-8"?>
<!-- Generated by org.testng.reporters.JUnitReportReporter -->
<testsuite skipped="0" hostname="Kanna" name="com.testing.Parameterized_Task" tests="1" failures="0" timestamp="2022-06-07T06:48:40 IST" time="0.016" errors="0">
  <testcase name="emp_Details" time="0.016" classname="com.testing.Parameterized_Task"/>
  <system-out/>
</testsuite> <!-- com.testing.Parameterized_Task -->
