<?xml version="1.0" encoding="UTF-8"?>
<!-- Generated by org.testng.reporters.JUnitReportReporter -->
<testsuite skipped="0" hostname="Kanna" name="com.testing.Parallel_Task" tests="2" failures="0" timestamp="2022-06-07T06:51:12 IST" time="0.030" errors="0">
  <testcase name="men" time="0.015" classname="com.testing.Parallel_Task"/>
  <system-out/>
  <testcase name="kids" time="0.015" classname="com.testing.Parallel_Task"/>
  <system-out/>
</testsuite> <!-- com.testing.Parallel_Task -->
