<?xml version="1.0" encoding="UTF-8"?>
<!-- Generated by org.testng.reporters.JUnitReportReporter -->
<testsuite skipped="0" hostname="Kanna" name="com.testing.Dataprovider_Task" tests="3" failures="0" timestamp="2022-06-20T11:24:14 IST" time="0.020" errors="0">
  <testcase name="data" time="0.002" classname="com.testing.Dataprovider_Task"/>
  <system-out/>
  <testcase name="data" time="0.002" classname="com.testing.Dataprovider_Task"/>
  <system-out/>
  <testcase name="data" time="0.016" classname="com.testing.Dataprovider_Task"/>
  <system-out/>
</testsuite> <!-- com.testing.Dataprovider_Task -->
