<?xml version="1.0" encoding="UTF-8"?>
<!-- Generated by org.testng.reporters.JUnitReportReporter -->
<testsuite skipped="1" hostname="Kanna" name="com.testing.Ignore_Task" tests="4" failures="0" timestamp="2022-06-04T07:17:35 IST" time="0.015" errors="0">
  <testcase name="brother" time="0.015" classname="com.testing.Ignore_Task"/>
  <system-out/>
  <testcase name="parent" time="0.000" classname="com.testing.Ignore_Task"/>
  <system-out/>
  <testcase name="kids" time="0.000" classname="com.testing.Ignore_Task"/>
  <system-out/>
  <testcase name="men" classname="com.testing.Ignore_Task">
    <skipped/>
  </testcase> <!-- men -->
  <system-out/>
</testsuite> <!-- com.testing.Ignore_Task -->
