<?xml version="1.0" encoding="UTF-8"?>
<!-- Generated by org.testng.reporters.JUnitReportReporter -->
<testsuite skipped="0" hostname="Kanna" name="com.testing.Soft_Assert" tests="1" failures="0" timestamp="2022-06-07T06:50:52 IST" time="0.031" errors="0">
  <testcase name="perform" time="0.031" classname="com.testing.Soft_Assert"/>
  <system-out/>
</testsuite> <!-- com.testing.Soft_Assert -->
