<?xml version="1.0" encoding="UTF-8"?>
<!-- Generated by org.testng.reporters.JUnitReportReporter -->
<testsuite skipped="0" hostname="Kanna" name="com.testing.Expected_Expection" tests="1" failures="0" timestamp="2022-06-07T06:47:30 IST" time="0.016" errors="0">
  <testcase name="demo" time="0.016" classname="com.testing.Expected_Expection"/>
  <system-out/>
</testsuite> <!-- com.testing.Expected_Expection -->
